[2023-09-21 08:18:35] production.DEBUG: From: My Travel <contact@mytravel.com>
To: admin@mytravel.test
Subject: Reset Password
MIME-Version: 1.0
Date: Thu, 21 Sep 2023 08:18:35 +0000
Message-ID: <cf655cb896dd386ab26657b9c565b5a8@mytravel.com>
Content-Type: text/html; charset=utf-8
Content-Transfer-Encoding: quoted-printable

<!doctype html>
<html xmlns=3D"http://www.w3.org/1999/xhtml" xmlns:v=3D"urn:schemas-microso=
ft-com:vml" xmlns:o=3D"urn:schemas-microsoft-com:office:office">
    <head>
        <title></title>
        <meta http-equiv=3D"X-UA-Compatible" content=3D"IE=3Dedge">
        <!--<![endif]-->
        <meta http-equiv=3D"Content-Type" content=3D"text/html; charset=3DU=
TF-8">
        <meta name=3D"viewport" content=3D"width=3Ddevice-width, initial-sc=
ale=3D1">
        <link rel=3D'stylesheet' id=3D'google-font-css-css'  href=3D'https:=
//fonts.googleapis.com/css?family=3DPoppins%3A400%2C500%2C600' type=3D'text=
/css' media=3D'all' />
        <style>
            .b-email-wrap{
                background: #ebeef2;
                padding: 40px 0px;
                color: #1A2B48;
                font-size: 14px;
                font-family: 'Poppins', sans-serif !important;
                font-weight: normal;
                line-height: 1.5;
                overflow-x: hidden;
                margin: 0px;
            }
            .b-header{
                background: #009454;
                padding: 30px;
                color: white;
            }
            .b-header .site-title,
            .b-header h1,
            .b-header h2,
            .b-header h3,
            .b-header h4,
            .b-header h5,
            .b-header p
            {
                margin:0px;
                display: block;
                text-align: center;
            }
            .b-container{
                max-width: 600px;
                margin: 0px auto;
            }

            .b-panel{
                border: 1px solid rgba(0, 0, 0, 0.1);
                margin-bottom: 30px;
                padding: 30px;
                background: white;
            }
            .b-panel .b-panel{
                padding: 0px;
                box-shadow: none;
            }
            .b-panel-title{
                text-align: center;
                margin-bottom: 30px;
                font-size: 24px;
                font-weight: 500;
            }
            .b-table-wrap{
                overflow-x:auto;
            }
            .b-table{
                width: 100%;
            }
            .b-table tr td,
            .b-table .b-tr,
            .b-table tr th{
                padding: 10px;
            }
            .b-table .b-tr{
                clear: both;
                border-bottom: 1px solid #EAEEF3;
            }
            .b-table .b-tr:after{
                display: table;
                clear: both;
                content:'';
            }
            .b-table tr td{
                border-bottom: 1px solid #EAEEF3;
            }
            .b-table tbody tr:nth-child(even) td{
                /*background: #f5f7fd;*/
            }
            .b-table tbody tr td.label,
            .b-table .b-tr .label{
                font-weight: 500;
            }
            .b-table tbody tr td.val,
            .b-table .b-tr .val{
                text-align: right;
            }

            .b-table tbody tr td.val p,
            .b-table .b-tr .val p{
                padding: 0;
                margin: 0;
            }

            .b-table .b-tr .label,
            .b-table .b-tr .val{
                float: left;
                width: 50%;
            }
            .pricing-list{
                text-align: left;
                margin: 0px;
                padding: 0px;
                list-style: none;
            }
            .pricing-list td{
                padding: 7px 0px;
            }
            .pricing-list td .val{
                text-align: right;
            }
            .pricing-list .no-flex{
                display: block;
            }
            .email-headline{
                margin-top: 0px;
            }

            .text-center{
                text-align: center;
            }

            .btn{
                display: inline-block;
                color: #212529;
                text-align: center;
                vertical-align: middle;
                -webkit-user-select: none;
                -moz-user-select: none;
                -ms-user-select: none;
                user-select: none;
                background-color: #ebeef2;
                line-height: 1.5;
                border: none;
                -webkit-box-shadow: none;
                box-shadow: none;
                border-radius: 3px;
                padding: 7px 20px;
                -webkit-transition: background .2s, color .2s;
                transition: background .2s, color .2s;
                font-size: 14px;
                font-weight: 500;
                text-decoration: none;
            }
            .btn.btn-primary{

                background: #5191FA;
                color: white;
            }
            .mt20{
                margin-top: 20px;
            }
            .no-padding{
                padding: 0px;
            }
            .no-r-padding{
                padding-right: 0px!important;
            }
            .fsz21{
                font-size: 21px;
            }
            .no-b-border{
                border-bottom: 0px!important;
            }
            @media screen and (max-width: 768px) {
                .b-panel{
                    padding: 15px;
                }
                .b-table tr td,
                .b-table tr th{
                    padding-right: 2px;
                    padding-left: 2px;
                }
                .b-panel-title{
                    font-size: 18px;
                    font-weight: bold;
                    margin-bottom: 15px;
                }
                .b-email-wrap{
                    padding: 0px;
                }

                .b-table .b-tr .label,
                .b-table .b-tr .val{
                    float:none;
                }

                .b-table .b-tr .val{
                    text-align: left;
                }
            }
                            .b-email-wrap{
                    direction: rtl;
                }
                .b-table tbody tr td.val, .b-table .b-tr .val {
                    text-align: left;
                }
                .b-table .b-tr .label, .b-table .b-tr .val {
                    float: right;
                }
                    </style>
    </head>
    <body>
        <div class=3D"b-email-wrap">
            <div class=3D"" style=3D"">
    <div class=3D"b-container">
        <div class=3D"b-header">
                        <h1 class=3D"site-title" style=3D"text-align: cente=
r">My Travel</h1>
        </div>
    </div>
</div>

                <div class=3D"b-container">
        <div class=3D"b-panel">
            <h1>Hello!</h1>
                    <p>You are receiving this email because we received a p=
assword reset request for your account.</p>
                    <p style=3D"text-align: center"><a style=3D"border-radi=
us: 3px;
                color: #fff;
                display: inline-block;
                text-decoration: none;
                background-color: #3490dc;
                border-top: 10px solid #3490dc;
                border-right: 18px solid #3490dc;
                border-bottom: 10px solid #3490dc;
                border-left: 18px solid #3490dc;" href=3D"http://127.0.0.1:=
8000/reset-password/a4d88a551b1fe2a3a6c926b64a102aef1fe448a4108884073c3fc82=
372c57477">Reset Password</a></p>
                    <p>This password reset link expire in 60 minutes.</p>
                    <p>If you did not request a password reset, no further =
action is required.
                    </p>
                    <p>Regards,</p>
                    <p>My Travel</p>
        </div>
    </div>

            <div class=3D"b-footer" style=3D"margin-top: 0px;">
    <div class=3D"b-container">
        <p class=3D"" style=3D"text-align: center">&copy; 2021 My Travel. A=
ll rights reserved</p>
    </div>
</div>        </div>
    </body>
</html>
  
[2023-09-21 08:33:59] production.DEBUG: From: My Travel <contact@mytravel.com>
To: con.madisara@gmail.com
Subject: Reset Password
MIME-Version: 1.0
Date: Thu, 21 Sep 2023 08:33:59 +0000
Message-ID: <d8b77611e3614cb3f8d17d04b6ba7bd0@mytravel.com>
Content-Type: text/html; charset=utf-8
Content-Transfer-Encoding: quoted-printable

<!doctype html>
<html xmlns=3D"http://www.w3.org/1999/xhtml" xmlns:v=3D"urn:schemas-microso=
ft-com:vml" xmlns:o=3D"urn:schemas-microsoft-com:office:office">
    <head>
        <title></title>
        <meta http-equiv=3D"X-UA-Compatible" content=3D"IE=3Dedge">
        <!--<![endif]-->
        <meta http-equiv=3D"Content-Type" content=3D"text/html; charset=3DU=
TF-8">
        <meta name=3D"viewport" content=3D"width=3Ddevice-width, initial-sc=
ale=3D1">
        <link rel=3D'stylesheet' id=3D'google-font-css-css'  href=3D'https:=
//fonts.googleapis.com/css?family=3DPoppins%3A400%2C500%2C600' type=3D'text=
/css' media=3D'all' />
        <style>
            .b-email-wrap{
                background: #ebeef2;
                padding: 40px 0px;
                color: #1A2B48;
                font-size: 14px;
                font-family: 'Poppins', sans-serif !important;
                font-weight: normal;
                line-height: 1.5;
                overflow-x: hidden;
                margin: 0px;
            }
            .b-header{
                background: #009454;
                padding: 30px;
                color: white;
            }
            .b-header .site-title,
            .b-header h1,
            .b-header h2,
            .b-header h3,
            .b-header h4,
            .b-header h5,
            .b-header p
            {
                margin:0px;
                display: block;
                text-align: center;
            }
            .b-container{
                max-width: 600px;
                margin: 0px auto;
            }

            .b-panel{
                border: 1px solid rgba(0, 0, 0, 0.1);
                margin-bottom: 30px;
                padding: 30px;
                background: white;
            }
            .b-panel .b-panel{
                padding: 0px;
                box-shadow: none;
            }
            .b-panel-title{
                text-align: center;
                margin-bottom: 30px;
                font-size: 24px;
                font-weight: 500;
            }
            .b-table-wrap{
                overflow-x:auto;
            }
            .b-table{
                width: 100%;
            }
            .b-table tr td,
            .b-table .b-tr,
            .b-table tr th{
                padding: 10px;
            }
            .b-table .b-tr{
                clear: both;
                border-bottom: 1px solid #EAEEF3;
            }
            .b-table .b-tr:after{
                display: table;
                clear: both;
                content:'';
            }
            .b-table tr td{
                border-bottom: 1px solid #EAEEF3;
            }
            .b-table tbody tr:nth-child(even) td{
                /*background: #f5f7fd;*/
            }
            .b-table tbody tr td.label,
            .b-table .b-tr .label{
                font-weight: 500;
            }
            .b-table tbody tr td.val,
            .b-table .b-tr .val{
                text-align: right;
            }

            .b-table tbody tr td.val p,
            .b-table .b-tr .val p{
                padding: 0;
                margin: 0;
            }

            .b-table .b-tr .label,
            .b-table .b-tr .val{
                float: left;
                width: 50%;
            }
            .pricing-list{
                text-align: left;
                margin: 0px;
                padding: 0px;
                list-style: none;
            }
            .pricing-list td{
                padding: 7px 0px;
            }
            .pricing-list td .val{
                text-align: right;
            }
            .pricing-list .no-flex{
                display: block;
            }
            .email-headline{
                margin-top: 0px;
            }

            .text-center{
                text-align: center;
            }

            .btn{
                display: inline-block;
                color: #212529;
                text-align: center;
                vertical-align: middle;
                -webkit-user-select: none;
                -moz-user-select: none;
                -ms-user-select: none;
                user-select: none;
                background-color: #ebeef2;
                line-height: 1.5;
                border: none;
                -webkit-box-shadow: none;
                box-shadow: none;
                border-radius: 3px;
                padding: 7px 20px;
                -webkit-transition: background .2s, color .2s;
                transition: background .2s, color .2s;
                font-size: 14px;
                font-weight: 500;
                text-decoration: none;
            }
            .btn.btn-primary{

                background: #5191FA;
                color: white;
            }
            .mt20{
                margin-top: 20px;
            }
            .no-padding{
                padding: 0px;
            }
            .no-r-padding{
                padding-right: 0px!important;
            }
            .fsz21{
                font-size: 21px;
            }
            .no-b-border{
                border-bottom: 0px!important;
            }
            @media screen and (max-width: 768px) {
                .b-panel{
                    padding: 15px;
                }
                .b-table tr td,
                .b-table tr th{
                    padding-right: 2px;
                    padding-left: 2px;
                }
                .b-panel-title{
                    font-size: 18px;
                    font-weight: bold;
                    margin-bottom: 15px;
                }
                .b-email-wrap{
                    padding: 0px;
                }

                .b-table .b-tr .label,
                .b-table .b-tr .val{
                    float:none;
                }

                .b-table .b-tr .val{
                    text-align: left;
                }
            }
                            .b-email-wrap{
                    direction: rtl;
                }
                .b-table tbody tr td.val, .b-table .b-tr .val {
                    text-align: left;
                }
                .b-table .b-tr .label, .b-table .b-tr .val {
                    float: right;
                }
                    </style>
    </head>
    <body>
        <div class=3D"b-email-wrap">
            <div class=3D"" style=3D"">
    <div class=3D"b-container">
        <div class=3D"b-header">
                        <h1 class=3D"site-title" style=3D"text-align: cente=
r">My Travel</h1>
        </div>
    </div>
</div>

                <div class=3D"b-container">
        <div class=3D"b-panel">
            <h1>Hello!</h1>
                    <p>You are receiving this email because we received a p=
assword reset request for your account.</p>
                    <p style=3D"text-align: center"><a style=3D"border-radi=
us: 3px;
                color: #fff;
                display: inline-block;
                text-decoration: none;
                background-color: #3490dc;
                border-top: 10px solid #3490dc;
                border-right: 18px solid #3490dc;
                border-bottom: 10px solid #3490dc;
                border-left: 18px solid #3490dc;" href=3D"http://127.0.0.1:=
8000/reset-password/6b5a93baf0e14fb66f68fd68b8cb8930bca06f26f4b8e6b822c04aa=
e61b5e278">Reset Password</a></p>
                    <p>This password reset link expire in 60 minutes.</p>
                    <p>If you did not request a password reset, no further =
action is required.
                    </p>
                    <p>Regards,</p>
                    <p>My Travel</p>
        </div>
    </div>

            <div class=3D"b-footer" style=3D"margin-top: 0px;">
    <div class=3D"b-container">
        <p class=3D"" style=3D"text-align: center">&copy; 2021 My Travel. A=
ll rights reserved</p>
    </div>
</div>        </div>
    </body>
</html>
  
[2023-09-21 09:03:47] production.DEBUG: From: My Travel <contact@mytravel.com>
To: dm.saramadi@gmail.com
Subject: =?utf-8?Q?=5B=D8=B9=D9=85=D8=B1=D8=AA=D9=8A=5D?= Verify Register
MIME-Version: 1.0
Date: Thu, 21 Sep 2023 09:03:47 +0000
Message-ID: <23d33ff15f1be59eec645ca4dc253836@mytravel.com>
Content-Type: text/html; charset=utf-8
Content-Transfer-Encoding: quoted-printable

<!doctype html>
<html xmlns=3D"http://www.w3.org/1999/xhtml" xmlns:v=3D"urn:schemas-microso=
ft-com:vml" xmlns:o=3D"urn:schemas-microsoft-com:office:office">
    <head>
        <title></title>
        <meta http-equiv=3D"X-UA-Compatible" content=3D"IE=3Dedge">
        <!--<![endif]-->
        <meta http-equiv=3D"Content-Type" content=3D"text/html; charset=3DU=
TF-8">
        <meta name=3D"viewport" content=3D"width=3Ddevice-width, initial-sc=
ale=3D1">
        <link rel=3D'stylesheet' id=3D'google-font-css-css'  href=3D'https:=
//fonts.googleapis.com/css?family=3DPoppins%3A400%2C500%2C600' type=3D'text=
/css' media=3D'all' />
        <style>
            .b-email-wrap{
                background: #ebeef2;
                padding: 40px 0px;
                color: #1A2B48;
                font-size: 14px;
                font-family: 'Poppins', sans-serif !important;
                font-weight: normal;
                line-height: 1.5;
                overflow-x: hidden;
                margin: 0px;
            }
            .b-header{
                background: #009454;
                padding: 30px;
                color: white;
            }
            .b-header .site-title,
            .b-header h1,
            .b-header h2,
            .b-header h3,
            .b-header h4,
            .b-header h5,
            .b-header p
            {
                margin:0px;
                display: block;
                text-align: center;
            }
            .b-container{
                max-width: 600px;
                margin: 0px auto;
            }

            .b-panel{
                border: 1px solid rgba(0, 0, 0, 0.1);
                margin-bottom: 30px;
                padding: 30px;
                background: white;
            }
            .b-panel .b-panel{
                padding: 0px;
                box-shadow: none;
            }
            .b-panel-title{
                text-align: center;
                margin-bottom: 30px;
                font-size: 24px;
                font-weight: 500;
            }
            .b-table-wrap{
                overflow-x:auto;
            }
            .b-table{
                width: 100%;
            }
            .b-table tr td,
            .b-table .b-tr,
            .b-table tr th{
                padding: 10px;
            }
            .b-table .b-tr{
                clear: both;
                border-bottom: 1px solid #EAEEF3;
            }
            .b-table .b-tr:after{
                display: table;
                clear: both;
                content:'';
            }
            .b-table tr td{
                border-bottom: 1px solid #EAEEF3;
            }
            .b-table tbody tr:nth-child(even) td{
                /*background: #f5f7fd;*/
            }
            .b-table tbody tr td.label,
            .b-table .b-tr .label{
                font-weight: 500;
            }
            .b-table tbody tr td.val,
            .b-table .b-tr .val{
                text-align: right;
            }

            .b-table tbody tr td.val p,
            .b-table .b-tr .val p{
                padding: 0;
                margin: 0;
            }

            .b-table .b-tr .label,
            .b-table .b-tr .val{
                float: left;
                width: 50%;
            }
            .pricing-list{
                text-align: left;
                margin: 0px;
                padding: 0px;
                list-style: none;
            }
            .pricing-list td{
                padding: 7px 0px;
            }
            .pricing-list td .val{
                text-align: right;
            }
            .pricing-list .no-flex{
                display: block;
            }
            .email-headline{
                margin-top: 0px;
            }

            .text-center{
                text-align: center;
            }

            .btn{
                display: inline-block;
                color: #212529;
                text-align: center;
                vertical-align: middle;
                -webkit-user-select: none;
                -moz-user-select: none;
                -ms-user-select: none;
                user-select: none;
                background-color: #ebeef2;
                line-height: 1.5;
                border: none;
                -webkit-box-shadow: none;
                box-shadow: none;
                border-radius: 3px;
                padding: 7px 20px;
                -webkit-transition: background .2s, color .2s;
                transition: background .2s, color .2s;
                font-size: 14px;
                font-weight: 500;
                text-decoration: none;
            }
            .btn.btn-primary{

                background: #5191FA;
                color: white;
            }
            .mt20{
                margin-top: 20px;
            }
            .no-padding{
                padding: 0px;
            }
            .no-r-padding{
                padding-right: 0px!important;
            }
            .fsz21{
                font-size: 21px;
            }
            .no-b-border{
                border-bottom: 0px!important;
            }
            @media screen and (max-width: 768px) {
                .b-panel{
                    padding: 15px;
                }
                .b-table tr td,
                .b-table tr th{
                    padding-right: 2px;
                    padding-left: 2px;
                }
                .b-panel-title{
                    font-size: 18px;
                    font-weight: bold;
                    margin-bottom: 15px;
                }
                .b-email-wrap{
                    padding: 0px;
                }

                .b-table .b-tr .label,
                .b-table .b-tr .val{
                    float:none;
                }

                .b-table .b-tr .val{
                    text-align: left;
                }
            }
                            .b-email-wrap{
                    direction: rtl;
                }
                .b-table tbody tr td.val, .b-table .b-tr .val {
                    text-align: left;
                }
                .b-table .b-tr .label, .b-table .b-tr .val {
                    float: right;
                }
                    </style>
    </head>
    <body>
        <div class=3D"b-email-wrap">
            <div class=3D"" style=3D"">
    <div class=3D"b-container">
        <div class=3D"b-header">
                        <h1 class=3D"site-title" style=3D"text-align: cente=
r">My Travel</h1>
        </div>
    </div>
</div>

                <div class=3D"b-container">
        <div class=3D"b-panel">
           =20
            <h1>Hello!</h1>
            <p>Please click the button to verify your email address!</p>
            <p style=3D"text-align: center"><a style=3D"border-radius: 3px;
                color: #fff;
                display: inline-block;
                text-decoration: none;
                background-color: #3490dc;
                border-top: 10px solid #3490dc;
                border-right: 18px solid #3490dc;
                border-bottom: 10px solid #3490dc;
                border-left: 18px solid #3490dc;" href=3D"http://127.0.0.1:=
8000/email/verify/6/7177381fb8adfc20401b8cfcbdc01ca8ee327464?expires=3D1695=
290627&signature=3D66a1564586cd6954bc6a9b9be357d0a5ae9ed19713fb47cb1176f0c4=
a9705036">Verify Email Address</a></p>
            <p>If you did not create account, no further action is required=
.</p>
            <p>Regards,<br>=D8=B9=D9=85=D8=B1=D8=AA=D9=8A</p>
        </div>
    </div>

            <div class=3D"b-footer" style=3D"margin-top: 0px;">
    <div class=3D"b-container">
        <p class=3D"" style=3D"text-align: center">&copy; 2021 My Travel. A=
ll rights reserved</p>
    </div>
</div>        </div>
    </body>
</html>
  
[2023-09-21 09:03:47] production.DEBUG: From: My Travel <contact@mytravel.com>
To: dm.saramadi@gmail.com
Subject: test test has registered.
MIME-Version: 1.0
Date: Thu, 21 Sep 2023 09:03:47 +0000
Message-ID: <7f88014e0a16cd446ce4661a6685048e@mytravel.com>
Content-Type: text/html; charset=utf-8
Content-Transfer-Encoding: quoted-printable

<!doctype html>
<html xmlns=3D"http://www.w3.org/1999/xhtml" xmlns:v=3D"urn:schemas-microso=
ft-com:vml" xmlns:o=3D"urn:schemas-microsoft-com:office:office">
    <head>
        <title></title>
        <meta http-equiv=3D"X-UA-Compatible" content=3D"IE=3Dedge">
        <!--<![endif]-->
        <meta http-equiv=3D"Content-Type" content=3D"text/html; charset=3DU=
TF-8">
        <meta name=3D"viewport" content=3D"width=3Ddevice-width, initial-sc=
ale=3D1">
        <link rel=3D'stylesheet' id=3D'google-font-css-css'  href=3D'https:=
//fonts.googleapis.com/css?family=3DPoppins%3A400%2C500%2C600' type=3D'text=
/css' media=3D'all' />
        <style>
            .b-email-wrap{
                background: #ebeef2;
                padding: 40px 0px;
                color: #1A2B48;
                font-size: 14px;
                font-family: 'Poppins', sans-serif !important;
                font-weight: normal;
                line-height: 1.5;
                overflow-x: hidden;
                margin: 0px;
            }
            .b-header{
                background: #009454;
                padding: 30px;
                color: white;
            }
            .b-header .site-title,
            .b-header h1,
            .b-header h2,
            .b-header h3,
            .b-header h4,
            .b-header h5,
            .b-header p
            {
                margin:0px;
                display: block;
                text-align: center;
            }
            .b-container{
                max-width: 600px;
                margin: 0px auto;
            }

            .b-panel{
                border: 1px solid rgba(0, 0, 0, 0.1);
                margin-bottom: 30px;
                padding: 30px;
                background: white;
            }
            .b-panel .b-panel{
                padding: 0px;
                box-shadow: none;
            }
            .b-panel-title{
                text-align: center;
                margin-bottom: 30px;
                font-size: 24px;
                font-weight: 500;
            }
            .b-table-wrap{
                overflow-x:auto;
            }
            .b-table{
                width: 100%;
            }
            .b-table tr td,
            .b-table .b-tr,
            .b-table tr th{
                padding: 10px;
            }
            .b-table .b-tr{
                clear: both;
                border-bottom: 1px solid #EAEEF3;
            }
            .b-table .b-tr:after{
                display: table;
                clear: both;
                content:'';
            }
            .b-table tr td{
                border-bottom: 1px solid #EAEEF3;
            }
            .b-table tbody tr:nth-child(even) td{
                /*background: #f5f7fd;*/
            }
            .b-table tbody tr td.label,
            .b-table .b-tr .label{
                font-weight: 500;
            }
            .b-table tbody tr td.val,
            .b-table .b-tr .val{
                text-align: right;
            }

            .b-table tbody tr td.val p,
            .b-table .b-tr .val p{
                padding: 0;
                margin: 0;
            }

            .b-table .b-tr .label,
            .b-table .b-tr .val{
                float: left;
                width: 50%;
            }
            .pricing-list{
                text-align: left;
                margin: 0px;
                padding: 0px;
                list-style: none;
            }
            .pricing-list td{
                padding: 7px 0px;
            }
            .pricing-list td .val{
                text-align: right;
            }
            .pricing-list .no-flex{
                display: block;
            }
            .email-headline{
                margin-top: 0px;
            }

            .text-center{
                text-align: center;
            }

            .btn{
                display: inline-block;
                color: #212529;
                text-align: center;
                vertical-align: middle;
                -webkit-user-select: none;
                -moz-user-select: none;
                -ms-user-select: none;
                user-select: none;
                background-color: #ebeef2;
                line-height: 1.5;
                border: none;
                -webkit-box-shadow: none;
                box-shadow: none;
                border-radius: 3px;
                padding: 7px 20px;
                -webkit-transition: background .2s, color .2s;
                transition: background .2s, color .2s;
                font-size: 14px;
                font-weight: 500;
                text-decoration: none;
            }
            .btn.btn-primary{

                background: #5191FA;
                color: white;
            }
            .mt20{
                margin-top: 20px;
            }
            .no-padding{
                padding: 0px;
            }
            .no-r-padding{
                padding-right: 0px!important;
            }
            .fsz21{
                font-size: 21px;
            }
            .no-b-border{
                border-bottom: 0px!important;
            }
            @media screen and (max-width: 768px) {
                .b-panel{
                    padding: 15px;
                }
                .b-table tr td,
                .b-table tr th{
                    padding-right: 2px;
                    padding-left: 2px;
                }
                .b-panel-title{
                    font-size: 18px;
                    font-weight: bold;
                    margin-bottom: 15px;
                }
                .b-email-wrap{
                    padding: 0px;
                }

                .b-table .b-tr .label,
                .b-table .b-tr .val{
                    float:none;
                }

                .b-table .b-tr .val{
                    text-align: left;
                }
            }
                            .b-email-wrap{
                    direction: rtl;
                }
                .b-table tbody tr td.val, .b-table .b-tr .val {
                    text-align: left;
                }
                .b-table .b-tr .label, .b-table .b-tr .val {
                    float: right;
                }
                    </style>
    </head>
    <body>
        <div class=3D"b-email-wrap">
            <div class=3D"" style=3D"">
    <div class=3D"b-container">
        <div class=3D"b-header">
                        <h1 class=3D"site-title" style=3D"text-align: cente=
r">My Travel</h1>
        </div>
    </div>
</div>

                <div class=3D"b-container">
        <div class=3D"b-panel">
            <h1 style=3D"text-align: center">Welcome!</h1>
                    <h3>Hello test test</h3>
                    <p>Thank you for signing up with My Travel! We hope you=
 enjoy your time with us.</p>
                    <p>Regards,</p>
                    <p>My Travel</p>
        </div>
    </div>

            <div class=3D"b-footer" style=3D"margin-top: 0px;">
    <div class=3D"b-container">
        <p class=3D"" style=3D"text-align: center">&copy; 2021 My Travel. A=
ll rights reserved</p>
    </div>
</div>        </div>
    </body>
</html>
  
[2023-09-21 09:03:47] production.DEBUG: From: My Travel <contact@mytravel.com>
To: contact@mytravel.com
Subject: test test has registered.
MIME-Version: 1.0
Date: Thu, 21 Sep 2023 09:03:47 +0000
Message-ID: <0d7b972fb34dc32b88871c9497780256@mytravel.com>
Content-Type: text/html; charset=utf-8
Content-Transfer-Encoding: quoted-printable

<!doctype html>
<html xmlns=3D"http://www.w3.org/1999/xhtml" xmlns:v=3D"urn:schemas-microso=
ft-com:vml" xmlns:o=3D"urn:schemas-microsoft-com:office:office">
    <head>
        <title></title>
        <meta http-equiv=3D"X-UA-Compatible" content=3D"IE=3Dedge">
        <!--<![endif]-->
        <meta http-equiv=3D"Content-Type" content=3D"text/html; charset=3DU=
TF-8">
        <meta name=3D"viewport" content=3D"width=3Ddevice-width, initial-sc=
ale=3D1">
        <link rel=3D'stylesheet' id=3D'google-font-css-css'  href=3D'https:=
//fonts.googleapis.com/css?family=3DPoppins%3A400%2C500%2C600' type=3D'text=
/css' media=3D'all' />
        <style>
            .b-email-wrap{
                background: #ebeef2;
                padding: 40px 0px;
                color: #1A2B48;
                font-size: 14px;
                font-family: 'Poppins', sans-serif !important;
                font-weight: normal;
                line-height: 1.5;
                overflow-x: hidden;
                margin: 0px;
            }
            .b-header{
                background: #009454;
                padding: 30px;
                color: white;
            }
            .b-header .site-title,
            .b-header h1,
            .b-header h2,
            .b-header h3,
            .b-header h4,
            .b-header h5,
            .b-header p
            {
                margin:0px;
                display: block;
                text-align: center;
            }
            .b-container{
                max-width: 600px;
                margin: 0px auto;
            }

            .b-panel{
                border: 1px solid rgba(0, 0, 0, 0.1);
                margin-bottom: 30px;
                padding: 30px;
                background: white;
            }
            .b-panel .b-panel{
                padding: 0px;
                box-shadow: none;
            }
            .b-panel-title{
                text-align: center;
                margin-bottom: 30px;
                font-size: 24px;
                font-weight: 500;
            }
            .b-table-wrap{
                overflow-x:auto;
            }
            .b-table{
                width: 100%;
            }
            .b-table tr td,
            .b-table .b-tr,
            .b-table tr th{
                padding: 10px;
            }
            .b-table .b-tr{
                clear: both;
                border-bottom: 1px solid #EAEEF3;
            }
            .b-table .b-tr:after{
                display: table;
                clear: both;
                content:'';
            }
            .b-table tr td{
                border-bottom: 1px solid #EAEEF3;
            }
            .b-table tbody tr:nth-child(even) td{
                /*background: #f5f7fd;*/
            }
            .b-table tbody tr td.label,
            .b-table .b-tr .label{
                font-weight: 500;
            }
            .b-table tbody tr td.val,
            .b-table .b-tr .val{
                text-align: right;
            }

            .b-table tbody tr td.val p,
            .b-table .b-tr .val p{
                padding: 0;
                margin: 0;
            }

            .b-table .b-tr .label,
            .b-table .b-tr .val{
                float: left;
                width: 50%;
            }
            .pricing-list{
                text-align: left;
                margin: 0px;
                padding: 0px;
                list-style: none;
            }
            .pricing-list td{
                padding: 7px 0px;
            }
            .pricing-list td .val{
                text-align: right;
            }
            .pricing-list .no-flex{
                display: block;
            }
            .email-headline{
                margin-top: 0px;
            }

            .text-center{
                text-align: center;
            }

            .btn{
                display: inline-block;
                color: #212529;
                text-align: center;
                vertical-align: middle;
                -webkit-user-select: none;
                -moz-user-select: none;
                -ms-user-select: none;
                user-select: none;
                background-color: #ebeef2;
                line-height: 1.5;
                border: none;
                -webkit-box-shadow: none;
                box-shadow: none;
                border-radius: 3px;
                padding: 7px 20px;
                -webkit-transition: background .2s, color .2s;
                transition: background .2s, color .2s;
                font-size: 14px;
                font-weight: 500;
                text-decoration: none;
            }
            .btn.btn-primary{

                background: #5191FA;
                color: white;
            }
            .mt20{
                margin-top: 20px;
            }
            .no-padding{
                padding: 0px;
            }
            .no-r-padding{
                padding-right: 0px!important;
            }
            .fsz21{
                font-size: 21px;
            }
            .no-b-border{
                border-bottom: 0px!important;
            }
            @media screen and (max-width: 768px) {
                .b-panel{
                    padding: 15px;
                }
                .b-table tr td,
                .b-table tr th{
                    padding-right: 2px;
                    padding-left: 2px;
                }
                .b-panel-title{
                    font-size: 18px;
                    font-weight: bold;
                    margin-bottom: 15px;
                }
                .b-email-wrap{
                    padding: 0px;
                }

                .b-table .b-tr .label,
                .b-table .b-tr .val{
                    float:none;
                }

                .b-table .b-tr .val{
                    text-align: left;
                }
            }
                            .b-email-wrap{
                    direction: rtl;
                }
                .b-table tbody tr td.val, .b-table .b-tr .val {
                    text-align: left;
                }
                .b-table .b-tr .label, .b-table .b-tr .val {
                    float: right;
                }
                    </style>
    </head>
    <body>
        <div class=3D"b-email-wrap">
            <div class=3D"" style=3D"">
    <div class=3D"b-container">
        <div class=3D"b-header">
                        <h1 class=3D"site-title" style=3D"text-align: cente=
r">My Travel</h1>
        </div>
    </div>
</div>

                <div class=3D"b-container">
        <div class=3D"b-panel">
            <h3>Hello Administrator</h3>
                    <p>We have new registration</p>
                    <p>Full name: test test</p>
                    <p>Email: dm.saramadi@gmail.com</p>
                    <p>Regards,</p>
                    <p>My Travel</p>
        </div>
    </div>

            <div class=3D"b-footer" style=3D"margin-top: 0px;">
    <div class=3D"b-container">
        <p class=3D"" style=3D"text-align: center">&copy; 2021 My Travel. A=
ll rights reserved</p>
    </div>
</div>        </div>
    </body>
</html>
  
