[2023-11-03 11:10:05] production.ERROR: SQLSTATE[HY000] [2002] Connection refused (SQL: select * from `core_pages` where `id` = 1 and `status` = publish and `core_pages`.`deleted_at` is null limit 1) {"exception":"[object] (Illuminate\\Database\\QueryException(code: 2002): SQLSTATE[HY000] [2002] Connection refused (SQL: select * from `core_pages` where `id` = 1 and `status` = publish and `core_pages`.`deleted_at` is null limit 1) at /Users/souheibmadi/Documents/umrahproject/umrah/vendor/laravel/framework/src/Illuminate/Database/Connection.php:760)
[stacktrace]
#0 /Users/souheibmadi/Documents/umrahproject/umrah/vendor/laravel/framework/src/Illuminate/Database/Connection.php(899): Illuminate\\Database\\Connection->runQueryCallback('select * from `...', Array, Object(Closure))
#1 /Users/souheibmadi/Documents/umrahproject/umrah/vendor/laravel/framework/src/Illuminate/Database/Connection.php(879): Illuminate\\Database\\Connection->tryAgainIfCausedByLostConnection(Object(Illuminate\\Database\\QueryException), 'select * from `...', Array, Object(Closure))
#2 /Users/souheibmadi/Documents/umrahproject/umrah/vendor/laravel/framework/src/Illuminate/Database/Connection.php(723): Illuminate\\Database\\Connection->handleQueryException(Object(Illuminate\\Database\\QueryException), 'select * from `...', Array, Object(Closure))
#3 /Users/souheibmadi/Documents/umrahproject/umrah/vendor/laravel/framework/src/Illuminate/Database/Connection.php(422): Illuminate\\Database\\Connection->run('select * from `...', Array, Object(Closure))
#4 /Users/souheibmadi/Documents/umrahproject/umrah/vendor/laravel/framework/src/Illuminate/Database/Query/Builder.php(2654): Illuminate\\Database\\Connection->select('select * from `...', Array, true)
#5 /Users/souheibmadi/Documents/umrahproject/umrah/vendor/laravel/framework/src/Illuminate/Database/Query/Builder.php(2642): Illuminate\\Database\\Query\\Builder->runSelect()
#6 /Users/souheibmadi/Documents/umrahproject/umrah/vendor/laravel/framework/src/Illuminate/Database/Query/Builder.php(3178): Illuminate\\Database\\Query\\Builder->Illuminate\\Database\\Query\\{closure}()
#7 /Users/souheibmadi/Documents/umrahproject/umrah/vendor/laravel/framework/src/Illuminate/Database/Query/Builder.php(2643): Illuminate\\Database\\Query\\Builder->onceWithColumns(Array, Object(Closure))
#8 /Users/souheibmadi/Documents/umrahproject/umrah/vendor/laravel/framework/src/Illuminate/Database/Eloquent/Builder.php(710): Illuminate\\Database\\Query\\Builder->get(Array)
#9 /Users/souheibmadi/Documents/umrahproject/umrah/vendor/laravel/framework/src/Illuminate/Database/Eloquent/Builder.php(694): Illuminate\\Database\\Eloquent\\Builder->getModels(Array)
#10 /Users/souheibmadi/Documents/umrahproject/umrah/vendor/laravel/framework/src/Illuminate/Database/Concerns/BuildsQueries.php(296): Illuminate\\Database\\Eloquent\\Builder->get(Array)
#11 /Users/souheibmadi/Documents/umrahproject/umrah/app/Http/Controllers/HomeController.php(33): Illuminate\\Database\\Eloquent\\Builder->first()
#12 /Users/souheibmadi/Documents/umrahproject/umrah/vendor/laravel/framework/src/Illuminate/Routing/Controller.php(54): App\\Http\\Controllers\\HomeController->index()
#13 /Users/souheibmadi/Documents/umrahproject/umrah/vendor/laravel/framework/src/Illuminate/Routing/ControllerDispatcher.php(43): Illuminate\\Routing\\Controller->callAction('index', Array)
#14 /Users/souheibmadi/Documents/umrahproject/umrah/vendor/laravel/framework/src/Illuminate/Routing/Route.php(260): Illuminate\\Routing\\ControllerDispatcher->dispatch(Object(Illuminate\\Routing\\Route), Object(App\\Http\\Controllers\\HomeController), 'index')
#15 /Users/souheibmadi/Documents/umrahproject/umrah/vendor/laravel/framework/src/Illuminate/Routing/Route.php(205): Illuminate\\Routing\\Route->runController()
#16 /Users/souheibmadi/Documents/umrahproject/umrah/vendor/laravel/framework/src/Illuminate/Routing/Router.php(798): Illuminate\\Routing\\Route->run()
#17 /Users/souheibmadi/Documents/umrahproject/umrah/vendor/laravel/framework/src/Illuminate/Pipeline/Pipeline.php(141): Illuminate\\Routing\\Router->Illuminate\\Routing\\{closure}(Object(Illuminate\\Http\\Request))
#18 /Users/souheibmadi/Documents/umrahproject/umrah/app/Http/Middleware/RequireChangePassword.php(41): Illuminate\\Pipeline\\Pipeline->Illuminate\\Pipeline\\{closure}(Object(Illuminate\\Http\\Request))
#19 /Users/souheibmadi/Documents/umrahproject/umrah/vendor/laravel/framework/src/Illuminate/Pipeline/Pipeline.php(180): App\\Http\\Middleware\\RequireChangePassword->handle(Object(Illuminate\\Http\\Request), Object(Closure))
#20 /Users/souheibmadi/Documents/umrahproject/umrah/app/Http/Middleware/SetLanguageForAdmin.php(37): Illuminate\\Pipeline\\Pipeline->Illuminate\\Pipeline\\{closure}(Object(Illuminate\\Http\\Request))
#21 /Users/souheibmadi/Documents/umrahproject/umrah/vendor/laravel/framework/src/Illuminate/Pipeline/Pipeline.php(180): App\\Http\\Middleware\\SetLanguageForAdmin->handle(Object(Illuminate\\Http\\Request), Object(Closure))
#22 /Users/souheibmadi/Documents/umrahproject/umrah/app/Http/Middleware/SetCurrentCurrency.php(48): Illuminate\\Pipeline\\Pipeline->Illuminate\\Pipeline\\{closure}(Object(Illuminate\\Http\\Request))
#23 /Users/souheibmadi/Documents/umrahproject/umrah/vendor/laravel/framework/src/Illuminate/Pipeline/Pipeline.php(180): App\\Http\\Middleware\\SetCurrentCurrency->handle(Object(Illuminate\\Http\\Request), Object(Closure))
#24 /Users/souheibmadi/Documents/umrahproject/umrah/app/Http/Middleware/HideDebugbar.php(32): Illuminate\\Pipeline\\Pipeline->Illuminate\\Pipeline\\{closure}(Object(Illuminate\\Http\\Request))
#25 /Users/souheibmadi/Documents/umrahproject/umrah/vendor/laravel/framework/src/Illuminate/Pipeline/Pipeline.php(180): App\\Http\\Middleware\\HideDebugbar->handle(Object(Illuminate\\Http\\Request), Object(Closure))
#26 /Users/souheibmadi/Documents/umrahproject/umrah/app/Http/Middleware/RedirectForMultiLanguage.php(58): Illuminate\\Pipeline\\Pipeline->Illuminate\\Pipeline\\{closure}(Object(Illuminate\\Http\\Request))
#27 /Users/souheibmadi/Documents/umrahproject/umrah/vendor/laravel/framework/src/Illuminate/Pipeline/Pipeline.php(180): App\\Http\\Middleware\\RedirectForMultiLanguage->handle(Object(Illuminate\\Http\\Request), Object(Closure))
#28 /Users/souheibmadi/Documents/umrahproject/umrah/vendor/laravel/framework/src/Illuminate/Routing/Middleware/SubstituteBindings.php(50): Illuminate\\Pipeline\\Pipeline->Illuminate\\Pipeline\\{closure}(Object(Illuminate\\Http\\Request))
#29 /Users/souheibmadi/Documents/umrahproject/umrah/vendor/laravel/framework/src/Illuminate/Pipeline/Pipeline.php(180): Illuminate\\Routing\\Middleware\\SubstituteBindings->handle(Object(Illuminate\\Http\\Request), Object(Closure))
#30 /Users/souheibmadi/Documents/umrahproject/umrah/vendor/laravel/framework/src/Illuminate/Foundation/Http/Middleware/VerifyCsrfToken.php(78): Illuminate\\Pipeline\\Pipeline->Illuminate\\Pipeline\\{closure}(Object(Illuminate\\Http\\Request))
#31 /Users/souheibmadi/Documents/umrahproject/umrah/vendor/laravel/framework/src/Illuminate/Pipeline/Pipeline.php(180): Illuminate\\Foundation\\Http\\Middleware\\VerifyCsrfToken->handle(Object(Illuminate\\Http\\Request), Object(Closure))
#32 /Users/souheibmadi/Documents/umrahproject/umrah/vendor/laravel/framework/src/Illuminate/View/Middleware/ShareErrorsFromSession.php(49): Illuminate\\Pipeline\\Pipeline->Illuminate\\Pipeline\\{closure}(Object(Illuminate\\Http\\Request))
#33 /Users/souheibmadi/Documents/umrahproject/umrah/vendor/laravel/framework/src/Illuminate/Pipeline/Pipeline.php(180): Illuminate\\View\\Middleware\\ShareErrorsFromSession->handle(Object(Illuminate\\Http\\Request), Object(Closure))
#34 /Users/souheibmadi/Documents/umrahproject/umrah/vendor/laravel/framework/src/Illuminate/Session/Middleware/StartSession.php(121): Illuminate\\Pipeline\\Pipeline->Illuminate\\Pipeline\\{closure}(Object(Illuminate\\Http\\Request))
#35 /Users/souheibmadi/Documents/umrahproject/umrah/vendor/laravel/framework/src/Illuminate/Session/Middleware/StartSession.php(64): Illuminate\\Session\\Middleware\\StartSession->handleStatefulRequest(Object(Illuminate\\Http\\Request), Object(Illuminate\\Session\\Store), Object(Closure))
#36 /Users/souheibmadi/Documents/umrahproject/umrah/vendor/laravel/framework/src/Illuminate/Pipeline/Pipeline.php(180): Illuminate\\Session\\Middleware\\StartSession->handle(Object(Illuminate\\Http\\Request), Object(Closure))
#37 /Users/souheibmadi/Documents/umrahproject/umrah/vendor/laravel/framework/src/Illuminate/Cookie/Middleware/AddQueuedCookiesToResponse.php(37): Illuminate\\Pipeline\\Pipeline->Illuminate\\Pipeline\\{closure}(Object(Illuminate\\Http\\Request))
#38 /Users/souheibmadi/Documents/umrahproject/umrah/vendor/laravel/framework/src/Illuminate/Pipeline/Pipeline.php(180): Illuminate\\Cookie\\Middleware\\AddQueuedCookiesToResponse->handle(Object(Illuminate\\Http\\Request), Object(Closure))
#39 /Users/souheibmadi/Documents/umrahproject/umrah/vendor/laravel/framework/src/Illuminate/Cookie/Middleware/EncryptCookies.php(67): Illuminate\\Pipeline\\Pipeline->Illuminate\\Pipeline\\{closure}(Object(Illuminate\\Http\\Request))
#40 /Users/souheibmadi/Documents/umrahproject/umrah/vendor/laravel/framework/src/Illuminate/Pipeline/Pipeline.php(180): Illuminate\\Cookie\\Middleware\\EncryptCookies->handle(Object(Illuminate\\Http\\Request), Object(Closure))
#41 /Users/souheibmadi/Documents/umrahproject/umrah/vendor/laravel/framework/src/Illuminate/Pipeline/Pipeline.php(116): Illuminate\\Pipeline\\Pipeline->Illuminate\\Pipeline\\{closure}(Object(Illuminate\\Http\\Request))
#42 /Users/souheibmadi/Documents/umrahproject/umrah/vendor/laravel/framework/src/Illuminate/Routing/Router.php(799): Illuminate\\Pipeline\\Pipeline->then(Object(Closure))
#43 /Users/souheibmadi/Documents/umrahproject/umrah/vendor/laravel/framework/src/Illuminate/Routing/Router.php(776): Illuminate\\Routing\\Router->runRouteWithinStack(Object(Illuminate\\Routing\\Route), Object(Illuminate\\Http\\Request))
#44 /Users/souheibmadi/Documents/umrahproject/umrah/vendor/laravel/framework/src/Illuminate/Routing/Router.php(740): Illuminate\\Routing\\Router->runRoute(Object(Illuminate\\Http\\Request), Object(Illuminate\\Routing\\Route))
#45 /Users/souheibmadi/Documents/umrahproject/umrah/vendor/laravel/framework/src/Illuminate/Routing/Router.php(729): Illuminate\\Routing\\Router->dispatchToRoute(Object(Illuminate\\Http\\Request))
#46 /Users/souheibmadi/Documents/umrahproject/umrah/vendor/laravel/framework/src/Illuminate/Foundation/Http/Kernel.php(190): Illuminate\\Routing\\Router->dispatch(Object(Illuminate\\Http\\Request))
#47 /Users/souheibmadi/Documents/umrahproject/umrah/vendor/laravel/framework/src/Illuminate/Pipeline/Pipeline.php(141): Illuminate\\Foundation\\Http\\Kernel->Illuminate\\Foundation\\Http\\{closure}(Object(Illuminate\\Http\\Request))
#48 /Users/souheibmadi/Documents/umrahproject/umrah/themes/Base/Core/Middleware/RunUpdater.php(72): Illuminate\\Pipeline\\Pipeline->Illuminate\\Pipeline\\{closure}(Object(Illuminate\\Http\\Request))
#49 /Users/souheibmadi/Documents/umrahproject/umrah/vendor/laravel/framework/src/Illuminate/Pipeline/Pipeline.php(180): Themes\\Base\\Core\\Middleware\\RunUpdater->handle(Object(Illuminate\\Http\\Request), Object(Closure))
#50 /Users/souheibmadi/Documents/umrahproject/umrah/vendor/barryvdh/laravel-debugbar/src/Middleware/InjectDebugbar.php(66): Illuminate\\Pipeline\\Pipeline->Illuminate\\Pipeline\\{closure}(Object(Illuminate\\Http\\Request))
#51 /Users/souheibmadi/Documents/umrahproject/umrah/vendor/laravel/framework/src/Illuminate/Pipeline/Pipeline.php(180): Barryvdh\\Debugbar\\Middleware\\InjectDebugbar->handle(Object(Illuminate\\Http\\Request), Object(Closure))
#52 /Users/souheibmadi/Documents/umrahproject/umrah/vendor/laravel/framework/src/Illuminate/Foundation/Http/Middleware/TransformsRequest.php(21): Illuminate\\Pipeline\\Pipeline->Illuminate\\Pipeline\\{closure}(Object(Illuminate\\Http\\Request))
#53 /Users/souheibmadi/Documents/umrahproject/umrah/vendor/laravel/framework/src/Illuminate/Foundation/Http/Middleware/ConvertEmptyStringsToNull.php(31): Illuminate\\Foundation\\Http\\Middleware\\TransformsRequest->handle(Object(Illuminate\\Http\\Request), Object(Closure))
#54 /Users/souheibmadi/Documents/umrahproject/umrah/vendor/laravel/framework/src/Illuminate/Pipeline/Pipeline.php(180): Illuminate\\Foundation\\Http\\Middleware\\ConvertEmptyStringsToNull->handle(Object(Illuminate\\Http\\Request), Object(Closure))
#55 /Users/souheibmadi/Documents/umrahproject/umrah/vendor/laravel/framework/src/Illuminate/Foundation/Http/Middleware/TransformsRequest.php(21): Illuminate\\Pipeline\\Pipeline->Illuminate\\Pipeline\\{closure}(Object(Illuminate\\Http\\Request))
#56 /Users/souheibmadi/Documents/umrahproject/umrah/vendor/laravel/framework/src/Illuminate/Foundation/Http/Middleware/TrimStrings.php(40): Illuminate\\Foundation\\Http\\Middleware\\TransformsRequest->handle(Object(Illuminate\\Http\\Request), Object(Closure))
#57 /Users/souheibmadi/Documents/umrahproject/umrah/vendor/laravel/framework/src/Illuminate/Pipeline/Pipeline.php(180): Illuminate\\Foundation\\Http\\Middleware\\TrimStrings->handle(Object(Illuminate\\Http\\Request), Object(Closure))
#58 /Users/souheibmadi/Documents/umrahproject/umrah/vendor/laravel/framework/src/Illuminate/Foundation/Http/Middleware/ValidatePostSize.php(27): Illuminate\\Pipeline\\Pipeline->Illuminate\\Pipeline\\{closure}(Object(Illuminate\\Http\\Request))
#59 /Users/souheibmadi/Documents/umrahproject/umrah/vendor/laravel/framework/src/Illuminate/Pipeline/Pipeline.php(180): Illuminate\\Foundation\\Http\\Middleware\\ValidatePostSize->handle(Object(Illuminate\\Http\\Request), Object(Closure))
#60 /Users/souheibmadi/Documents/umrahproject/umrah/vendor/laravel/framework/src/Illuminate/Foundation/Http/Middleware/PreventRequestsDuringMaintenance.php(86): Illuminate\\Pipeline\\Pipeline->Illuminate\\Pipeline\\{closure}(Object(Illuminate\\Http\\Request))
#61 /Users/souheibmadi/Documents/umrahproject/umrah/vendor/laravel/framework/src/Illuminate/Pipeline/Pipeline.php(180): Illuminate\\Foundation\\Http\\Middleware\\PreventRequestsDuringMaintenance->handle(Object(Illuminate\\Http\\Request), Object(Closure))
#62 /Users/souheibmadi/Documents/umrahproject/umrah/vendor/laravel/framework/src/Illuminate/Http/Middleware/HandleCors.php(49): Illuminate\\Pipeline\\Pipeline->Illuminate\\Pipeline\\{closure}(Object(Illuminate\\Http\\Request))
#63 /Users/souheibmadi/Documents/umrahproject/umrah/vendor/laravel/framework/src/Illuminate/Pipeline/Pipeline.php(180): Illuminate\\Http\\Middleware\\HandleCors->handle(Object(Illuminate\\Http\\Request), Object(Closure))
#64 /Users/souheibmadi/Documents/umrahproject/umrah/app/Http/Middleware/RedirectToInstaller.php(40): Illuminate\\Pipeline\\Pipeline->Illuminate\\Pipeline\\{closure}(Object(Illuminate\\Http\\Request))
#65 /Users/souheibmadi/Documents/umrahproject/umrah/vendor/laravel/framework/src/Illuminate/Pipeline/Pipeline.php(180): App\\Http\\Middleware\\RedirectToInstaller->handle(Object(Illuminate\\Http\\Request), Object(Closure))
#66 /Users/souheibmadi/Documents/umrahproject/umrah/vendor/laravel/framework/src/Illuminate/Http/Middleware/TrustProxies.php(39): Illuminate\\Pipeline\\Pipeline->Illuminate\\Pipeline\\{closure}(Object(Illuminate\\Http\\Request))
#67 /Users/souheibmadi/Documents/umrahproject/umrah/vendor/laravel/framework/src/Illuminate/Pipeline/Pipeline.php(180): Illuminate\\Http\\Middleware\\TrustProxies->handle(Object(Illuminate\\Http\\Request), Object(Closure))
#68 /Users/souheibmadi/Documents/umrahproject/umrah/vendor/laravel/framework/src/Illuminate/Pipeline/Pipeline.php(116): Illuminate\\Pipeline\\Pipeline->Illuminate\\Pipeline\\{closure}(Object(Illuminate\\Http\\Request))
#69 /Users/souheibmadi/Documents/umrahproject/umrah/vendor/laravel/framework/src/Illuminate/Foundation/Http/Kernel.php(165): Illuminate\\Pipeline\\Pipeline->then(Object(Closure))
#70 /Users/souheibmadi/Documents/umrahproject/umrah/vendor/laravel/framework/src/Illuminate/Foundation/Http/Kernel.php(134): Illuminate\\Foundation\\Http\\Kernel->sendRequestThroughRouter(Object(Illuminate\\Http\\Request))
#71 /Users/souheibmadi/Documents/umrahproject/umrah/public/index.php(72): Illuminate\\Foundation\\Http\\Kernel->handle(Object(Illuminate\\Http\\Request))
#72 /Users/souheibmadi/Documents/umrahproject/umrah/server.php(21): require_once('/Users/souheibm...')
#73 {main}

[previous exception] [object] (PDOException(code: 2002): SQLSTATE[HY000] [2002] Connection refused at /Users/souheibmadi/Documents/umrahproject/umrah/vendor/laravel/framework/src/Illuminate/Database/Connectors/Connector.php:70)
[stacktrace]
#0 /Users/souheibmadi/Documents/umrahproject/umrah/vendor/laravel/framework/src/Illuminate/Database/Connectors/Connector.php(70): PDO->__construct('mysql:host=127....', 'admin1', 'admin2023', Array)
#1 /Users/souheibmadi/Documents/umrahproject/umrah/vendor/laravel/framework/src/Illuminate/Database/Connectors/Connector.php(100): Illuminate\\Database\\Connectors\\Connector->createPdoConnection('mysql:host=127....', 'admin1', 'admin2023', Array)
#2 /Users/souheibmadi/Documents/umrahproject/umrah/vendor/laravel/framework/src/Illuminate/Database/Connectors/Connector.php(50): Illuminate\\Database\\Connectors\\Connector->tryAgainIfCausedByLostConnection(Object(PDOException), 'mysql:host=127....', 'admin1', 'admin2023', Array)
#3 /Users/souheibmadi/Documents/umrahproject/umrah/vendor/laravel/framework/src/Illuminate/Database/Connectors/MySqlConnector.php(24): Illuminate\\Database\\Connectors\\Connector->createConnection('mysql:host=127....', Array, Array)
#4 /Users/souheibmadi/Documents/umrahproject/umrah/vendor/laravel/framework/src/Illuminate/Database/Connectors/ConnectionFactory.php(184): Illuminate\\Database\\Connectors\\MySqlConnector->connect(Array)
#5 [internal function]: Illuminate\\Database\\Connectors\\ConnectionFactory->Illuminate\\Database\\Connectors\\{closure}()
#6 /Users/souheibmadi/Documents/umrahproject/umrah/vendor/laravel/framework/src/Illuminate/Database/Connection.php(1181): call_user_func(Object(Closure))
#7 /Users/souheibmadi/Documents/umrahproject/umrah/vendor/laravel/framework/src/Illuminate/Database/Connection.php(1217): Illuminate\\Database\\Connection->getPdo()
#8 /Users/souheibmadi/Documents/umrahproject/umrah/vendor/laravel/framework/src/Illuminate/Database/Connection.php(486): Illuminate\\Database\\Connection->getReadPdo()
#9 /Users/souheibmadi/Documents/umrahproject/umrah/vendor/laravel/framework/src/Illuminate/Database/Connection.php(414): Illuminate\\Database\\Connection->getPdoForSelect(true)
#10 /Users/souheibmadi/Documents/umrahproject/umrah/vendor/laravel/framework/src/Illuminate/Database/Connection.php(753): Illuminate\\Database\\Connection->Illuminate\\Database\\{closure}('select * from `...', Array)
#11 /Users/souheibmadi/Documents/umrahproject/umrah/vendor/laravel/framework/src/Illuminate/Database/Connection.php(899): Illuminate\\Database\\Connection->runQueryCallback('select * from `...', Array, Object(Closure))
#12 /Users/souheibmadi/Documents/umrahproject/umrah/vendor/laravel/framework/src/Illuminate/Database/Connection.php(879): Illuminate\\Database\\Connection->tryAgainIfCausedByLostConnection(Object(Illuminate\\Database\\QueryException), 'select * from `...', Array, Object(Closure))
#13 /Users/souheibmadi/Documents/umrahproject/umrah/vendor/laravel/framework/src/Illuminate/Database/Connection.php(723): Illuminate\\Database\\Connection->handleQueryException(Object(Illuminate\\Database\\QueryException), 'select * from `...', Array, Object(Closure))
#14 /Users/souheibmadi/Documents/umrahproject/umrah/vendor/laravel/framework/src/Illuminate/Database/Connection.php(422): Illuminate\\Database\\Connection->run('select * from `...', Array, Object(Closure))
#15 /Users/souheibmadi/Documents/umrahproject/umrah/vendor/laravel/framework/src/Illuminate/Database/Query/Builder.php(2654): Illuminate\\Database\\Connection->select('select * from `...', Array, true)
#16 /Users/souheibmadi/Documents/umrahproject/umrah/vendor/laravel/framework/src/Illuminate/Database/Query/Builder.php(2642): Illuminate\\Database\\Query\\Builder->runSelect()
#17 /Users/souheibmadi/Documents/umrahproject/umrah/vendor/laravel/framework/src/Illuminate/Database/Query/Builder.php(3178): Illuminate\\Database\\Query\\Builder->Illuminate\\Database\\Query\\{closure}()
#18 /Users/souheibmadi/Documents/umrahproject/umrah/vendor/laravel/framework/src/Illuminate/Database/Query/Builder.php(2643): Illuminate\\Database\\Query\\Builder->onceWithColumns(Array, Object(Closure))
#19 /Users/souheibmadi/Documents/umrahproject/umrah/vendor/laravel/framework/src/Illuminate/Database/Eloquent/Builder.php(710): Illuminate\\Database\\Query\\Builder->get(Array)
#20 /Users/souheibmadi/Documents/umrahproject/umrah/vendor/laravel/framework/src/Illuminate/Database/Eloquent/Builder.php(694): Illuminate\\Database\\Eloquent\\Builder->getModels(Array)
#21 /Users/souheibmadi/Documents/umrahproject/umrah/vendor/laravel/framework/src/Illuminate/Database/Concerns/BuildsQueries.php(296): Illuminate\\Database\\Eloquent\\Builder->get(Array)
#22 /Users/souheibmadi/Documents/umrahproject/umrah/app/Http/Controllers/HomeController.php(33): Illuminate\\Database\\Eloquent\\Builder->first()
#23 /Users/souheibmadi/Documents/umrahproject/umrah/vendor/laravel/framework/src/Illuminate/Routing/Controller.php(54): App\\Http\\Controllers\\HomeController->index()
#24 /Users/souheibmadi/Documents/umrahproject/umrah/vendor/laravel/framework/src/Illuminate/Routing/ControllerDispatcher.php(43): Illuminate\\Routing\\Controller->callAction('index', Array)
#25 /Users/souheibmadi/Documents/umrahproject/umrah/vendor/laravel/framework/src/Illuminate/Routing/Route.php(260): Illuminate\\Routing\\ControllerDispatcher->dispatch(Object(Illuminate\\Routing\\Route), Object(App\\Http\\Controllers\\HomeController), 'index')
#26 /Users/souheibmadi/Documents/umrahproject/umrah/vendor/laravel/framework/src/Illuminate/Routing/Route.php(205): Illuminate\\Routing\\Route->runController()
#27 /Users/souheibmadi/Documents/umrahproject/umrah/vendor/laravel/framework/src/Illuminate/Routing/Router.php(798): Illuminate\\Routing\\Route->run()
#28 /Users/souheibmadi/Documents/umrahproject/umrah/vendor/laravel/framework/src/Illuminate/Pipeline/Pipeline.php(141): Illuminate\\Routing\\Router->Illuminate\\Routing\\{closure}(Object(Illuminate\\Http\\Request))
#29 /Users/souheibmadi/Documents/umrahproject/umrah/app/Http/Middleware/RequireChangePassword.php(41): Illuminate\\Pipeline\\Pipeline->Illuminate\\Pipeline\\{closure}(Object(Illuminate\\Http\\Request))
#30 /Users/souheibmadi/Documents/umrahproject/umrah/vendor/laravel/framework/src/Illuminate/Pipeline/Pipeline.php(180): App\\Http\\Middleware\\RequireChangePassword->handle(Object(Illuminate\\Http\\Request), Object(Closure))
#31 /Users/souheibmadi/Documents/umrahproject/umrah/app/Http/Middleware/SetLanguageForAdmin.php(37): Illuminate\\Pipeline\\Pipeline->Illuminate\\Pipeline\\{closure}(Object(Illuminate\\Http\\Request))
#32 /Users/souheibmadi/Documents/umrahproject/umrah/vendor/laravel/framework/src/Illuminate/Pipeline/Pipeline.php(180): App\\Http\\Middleware\\SetLanguageForAdmin->handle(Object(Illuminate\\Http\\Request), Object(Closure))
#33 /Users/souheibmadi/Documents/umrahproject/umrah/app/Http/Middleware/SetCurrentCurrency.php(48): Illuminate\\Pipeline\\Pipeline->Illuminate\\Pipeline\\{closure}(Object(Illuminate\\Http\\Request))
#34 /Users/souheibmadi/Documents/umrahproject/umrah/vendor/laravel/framework/src/Illuminate/Pipeline/Pipeline.php(180): App\\Http\\Middleware\\SetCurrentCurrency->handle(Object(Illuminate\\Http\\Request), Object(Closure))
#35 /Users/souheibmadi/Documents/umrahproject/umrah/app/Http/Middleware/HideDebugbar.php(32): Illuminate\\Pipeline\\Pipeline->Illuminate\\Pipeline\\{closure}(Object(Illuminate\\Http\\Request))
#36 /Users/souheibmadi/Documents/umrahproject/umrah/vendor/laravel/framework/src/Illuminate/Pipeline/Pipeline.php(180): App\\Http\\Middleware\\HideDebugbar->handle(Object(Illuminate\\Http\\Request), Object(Closure))
#37 /Users/souheibmadi/Documents/umrahproject/umrah/app/Http/Middleware/RedirectForMultiLanguage.php(58): Illuminate\\Pipeline\\Pipeline->Illuminate\\Pipeline\\{closure}(Object(Illuminate\\Http\\Request))
#38 /Users/souheibmadi/Documents/umrahproject/umrah/vendor/laravel/framework/src/Illuminate/Pipeline/Pipeline.php(180): App\\Http\\Middleware\\RedirectForMultiLanguage->handle(Object(Illuminate\\Http\\Request), Object(Closure))
#39 /Users/souheibmadi/Documents/umrahproject/umrah/vendor/laravel/framework/src/Illuminate/Routing/Middleware/SubstituteBindings.php(50): Illuminate\\Pipeline\\Pipeline->Illuminate\\Pipeline\\{closure}(Object(Illuminate\\Http\\Request))
#40 /Users/souheibmadi/Documents/umrahproject/umrah/vendor/laravel/framework/src/Illuminate/Pipeline/Pipeline.php(180): Illuminate\\Routing\\Middleware\\SubstituteBindings->handle(Object(Illuminate\\Http\\Request), Object(Closure))
#41 /Users/souheibmadi/Documents/umrahproject/umrah/vendor/laravel/framework/src/Illuminate/Foundation/Http/Middleware/VerifyCsrfToken.php(78): Illuminate\\Pipeline\\Pipeline->Illuminate\\Pipeline\\{closure}(Object(Illuminate\\Http\\Request))
#42 /Users/souheibmadi/Documents/umrahproject/umrah/vendor/laravel/framework/src/Illuminate/Pipeline/Pipeline.php(180): Illuminate\\Foundation\\Http\\Middleware\\VerifyCsrfToken->handle(Object(Illuminate\\Http\\Request), Object(Closure))
#43 /Users/souheibmadi/Documents/umrahproject/umrah/vendor/laravel/framework/src/Illuminate/View/Middleware/ShareErrorsFromSession.php(49): Illuminate\\Pipeline\\Pipeline->Illuminate\\Pipeline\\{closure}(Object(Illuminate\\Http\\Request))
#44 /Users/souheibmadi/Documents/umrahproject/umrah/vendor/laravel/framework/src/Illuminate/Pipeline/Pipeline.php(180): Illuminate\\View\\Middleware\\ShareErrorsFromSession->handle(Object(Illuminate\\Http\\Request), Object(Closure))
#45 /Users/souheibmadi/Documents/umrahproject/umrah/vendor/laravel/framework/src/Illuminate/Session/Middleware/StartSession.php(121): Illuminate\\Pipeline\\Pipeline->Illuminate\\Pipeline\\{closure}(Object(Illuminate\\Http\\Request))
#46 /Users/souheibmadi/Documents/umrahproject/umrah/vendor/laravel/framework/src/Illuminate/Session/Middleware/StartSession.php(64): Illuminate\\Session\\Middleware\\StartSession->handleStatefulRequest(Object(Illuminate\\Http\\Request), Object(Illuminate\\Session\\Store), Object(Closure))
#47 /Users/souheibmadi/Documents/umrahproject/umrah/vendor/laravel/framework/src/Illuminate/Pipeline/Pipeline.php(180): Illuminate\\Session\\Middleware\\StartSession->handle(Object(Illuminate\\Http\\Request), Object(Closure))
#48 /Users/souheibmadi/Documents/umrahproject/umrah/vendor/laravel/framework/src/Illuminate/Cookie/Middleware/AddQueuedCookiesToResponse.php(37): Illuminate\\Pipeline\\Pipeline->Illuminate\\Pipeline\\{closure}(Object(Illuminate\\Http\\Request))
#49 /Users/souheibmadi/Documents/umrahproject/umrah/vendor/laravel/framework/src/Illuminate/Pipeline/Pipeline.php(180): Illuminate\\Cookie\\Middleware\\AddQueuedCookiesToResponse->handle(Object(Illuminate\\Http\\Request), Object(Closure))
#50 /Users/souheibmadi/Documents/umrahproject/umrah/vendor/laravel/framework/src/Illuminate/Cookie/Middleware/EncryptCookies.php(67): Illuminate\\Pipeline\\Pipeline->Illuminate\\Pipeline\\{closure}(Object(Illuminate\\Http\\Request))
#51 /Users/souheibmadi/Documents/umrahproject/umrah/vendor/laravel/framework/src/Illuminate/Pipeline/Pipeline.php(180): Illuminate\\Cookie\\Middleware\\EncryptCookies->handle(Object(Illuminate\\Http\\Request), Object(Closure))
#52 /Users/souheibmadi/Documents/umrahproject/umrah/vendor/laravel/framework/src/Illuminate/Pipeline/Pipeline.php(116): Illuminate\\Pipeline\\Pipeline->Illuminate\\Pipeline\\{closure}(Object(Illuminate\\Http\\Request))
#53 /Users/souheibmadi/Documents/umrahproject/umrah/vendor/laravel/framework/src/Illuminate/Routing/Router.php(799): Illuminate\\Pipeline\\Pipeline->then(Object(Closure))
#54 /Users/souheibmadi/Documents/umrahproject/umrah/vendor/laravel/framework/src/Illuminate/Routing/Router.php(776): Illuminate\\Routing\\Router->runRouteWithinStack(Object(Illuminate\\Routing\\Route), Object(Illuminate\\Http\\Request))
#55 /Users/souheibmadi/Documents/umrahproject/umrah/vendor/laravel/framework/src/Illuminate/Routing/Router.php(740): Illuminate\\Routing\\Router->runRoute(Object(Illuminate\\Http\\Request), Object(Illuminate\\Routing\\Route))
#56 /Users/souheibmadi/Documents/umrahproject/umrah/vendor/laravel/framework/src/Illuminate/Routing/Router.php(729): Illuminate\\Routing\\Router->dispatchToRoute(Object(Illuminate\\Http\\Request))
#57 /Users/souheibmadi/Documents/umrahproject/umrah/vendor/laravel/framework/src/Illuminate/Foundation/Http/Kernel.php(190): Illuminate\\Routing\\Router->dispatch(Object(Illuminate\\Http\\Request))
#58 /Users/souheibmadi/Documents/umrahproject/umrah/vendor/laravel/framework/src/Illuminate/Pipeline/Pipeline.php(141): Illuminate\\Foundation\\Http\\Kernel->Illuminate\\Foundation\\Http\\{closure}(Object(Illuminate\\Http\\Request))
#59 /Users/souheibmadi/Documents/umrahproject/umrah/themes/Base/Core/Middleware/RunUpdater.php(72): Illuminate\\Pipeline\\Pipeline->Illuminate\\Pipeline\\{closure}(Object(Illuminate\\Http\\Request))
#60 /Users/souheibmadi/Documents/umrahproject/umrah/vendor/laravel/framework/src/Illuminate/Pipeline/Pipeline.php(180): Themes\\Base\\Core\\Middleware\\RunUpdater->handle(Object(Illuminate\\Http\\Request), Object(Closure))
#61 /Users/souheibmadi/Documents/umrahproject/umrah/vendor/barryvdh/laravel-debugbar/src/Middleware/InjectDebugbar.php(66): Illuminate\\Pipeline\\Pipeline->Illuminate\\Pipeline\\{closure}(Object(Illuminate\\Http\\Request))
#62 /Users/souheibmadi/Documents/umrahproject/umrah/vendor/laravel/framework/src/Illuminate/Pipeline/Pipeline.php(180): Barryvdh\\Debugbar\\Middleware\\InjectDebugbar->handle(Object(Illuminate\\Http\\Request), Object(Closure))
#63 /Users/souheibmadi/Documents/umrahproject/umrah/vendor/laravel/framework/src/Illuminate/Foundation/Http/Middleware/TransformsRequest.php(21): Illuminate\\Pipeline\\Pipeline->Illuminate\\Pipeline\\{closure}(Object(Illuminate\\Http\\Request))
#64 /Users/souheibmadi/Documents/umrahproject/umrah/vendor/laravel/framework/src/Illuminate/Foundation/Http/Middleware/ConvertEmptyStringsToNull.php(31): Illuminate\\Foundation\\Http\\Middleware\\TransformsRequest->handle(Object(Illuminate\\Http\\Request), Object(Closure))
#65 /Users/souheibmadi/Documents/umrahproject/umrah/vendor/laravel/framework/src/Illuminate/Pipeline/Pipeline.php(180): Illuminate\\Foundation\\Http\\Middleware\\ConvertEmptyStringsToNull->handle(Object(Illuminate\\Http\\Request), Object(Closure))
#66 /Users/souheibmadi/Documents/umrahproject/umrah/vendor/laravel/framework/src/Illuminate/Foundation/Http/Middleware/TransformsRequest.php(21): Illuminate\\Pipeline\\Pipeline->Illuminate\\Pipeline\\{closure}(Object(Illuminate\\Http\\Request))
#67 /Users/souheibmadi/Documents/umrahproject/umrah/vendor/laravel/framework/src/Illuminate/Foundation/Http/Middleware/TrimStrings.php(40): Illuminate\\Foundation\\Http\\Middleware\\TransformsRequest->handle(Object(Illuminate\\Http\\Request), Object(Closure))
#68 /Users/souheibmadi/Documents/umrahproject/umrah/vendor/laravel/framework/src/Illuminate/Pipeline/Pipeline.php(180): Illuminate\\Foundation\\Http\\Middleware\\TrimStrings->handle(Object(Illuminate\\Http\\Request), Object(Closure))
#69 /Users/souheibmadi/Documents/umrahproject/umrah/vendor/laravel/framework/src/Illuminate/Foundation/Http/Middleware/ValidatePostSize.php(27): Illuminate\\Pipeline\\Pipeline->Illuminate\\Pipeline\\{closure}(Object(Illuminate\\Http\\Request))
#70 /Users/souheibmadi/Documents/umrahproject/umrah/vendor/laravel/framework/src/Illuminate/Pipeline/Pipeline.php(180): Illuminate\\Foundation\\Http\\Middleware\\ValidatePostSize->handle(Object(Illuminate\\Http\\Request), Object(Closure))
#71 /Users/souheibmadi/Documents/umrahproject/umrah/vendor/laravel/framework/src/Illuminate/Foundation/Http/Middleware/PreventRequestsDuringMaintenance.php(86): Illuminate\\Pipeline\\Pipeline->Illuminate\\Pipeline\\{closure}(Object(Illuminate\\Http\\Request))
#72 /Users/souheibmadi/Documents/umrahproject/umrah/vendor/laravel/framework/src/Illuminate/Pipeline/Pipeline.php(180): Illuminate\\Foundation\\Http\\Middleware\\PreventRequestsDuringMaintenance->handle(Object(Illuminate\\Http\\Request), Object(Closure))
#73 /Users/souheibmadi/Documents/umrahproject/umrah/vendor/laravel/framework/src/Illuminate/Http/Middleware/HandleCors.php(49): Illuminate\\Pipeline\\Pipeline->Illuminate\\Pipeline\\{closure}(Object(Illuminate\\Http\\Request))
#74 /Users/souheibmadi/Documents/umrahproject/umrah/vendor/laravel/framework/src/Illuminate/Pipeline/Pipeline.php(180): Illuminate\\Http\\Middleware\\HandleCors->handle(Object(Illuminate\\Http\\Request), Object(Closure))
#75 /Users/souheibmadi/Documents/umrahproject/umrah/app/Http/Middleware/RedirectToInstaller.php(40): Illuminate\\Pipeline\\Pipeline->Illuminate\\Pipeline\\{closure}(Object(Illuminate\\Http\\Request))
#76 /Users/souheibmadi/Documents/umrahproject/umrah/vendor/laravel/framework/src/Illuminate/Pipeline/Pipeline.php(180): App\\Http\\Middleware\\RedirectToInstaller->handle(Object(Illuminate\\Http\\Request), Object(Closure))
#77 /Users/souheibmadi/Documents/umrahproject/umrah/vendor/laravel/framework/src/Illuminate/Http/Middleware/TrustProxies.php(39): Illuminate\\Pipeline\\Pipeline->Illuminate\\Pipeline\\{closure}(Object(Illuminate\\Http\\Request))
#78 /Users/souheibmadi/Documents/umrahproject/umrah/vendor/laravel/framework/src/Illuminate/Pipeline/Pipeline.php(180): Illuminate\\Http\\Middleware\\TrustProxies->handle(Object(Illuminate\\Http\\Request), Object(Closure))
#79 /Users/souheibmadi/Documents/umrahproject/umrah/vendor/laravel/framework/src/Illuminate/Pipeline/Pipeline.php(116): Illuminate\\Pipeline\\Pipeline->Illuminate\\Pipeline\\{closure}(Object(Illuminate\\Http\\Request))
#80 /Users/souheibmadi/Documents/umrahproject/umrah/vendor/laravel/framework/src/Illuminate/Foundation/Http/Kernel.php(165): Illuminate\\Pipeline\\Pipeline->then(Object(Closure))
#81 /Users/souheibmadi/Documents/umrahproject/umrah/vendor/laravel/framework/src/Illuminate/Foundation/Http/Kernel.php(134): Illuminate\\Foundation\\Http\\Kernel->sendRequestThroughRouter(Object(Illuminate\\Http\\Request))
#82 /Users/souheibmadi/Documents/umrahproject/umrah/public/index.php(72): Illuminate\\Foundation\\Http\\Kernel->handle(Object(Illuminate\\Http\\Request))
#83 /Users/souheibmadi/Documents/umrahproject/umrah/server.php(21): require_once('/Users/souheibm...')
#84 {main}
"} 
